Release 14.7 - xst P.20131013 (nt64)
Copyright (c) 1995-2013 Xilinx, Inc.  All rights reserved.
--> Parameter TMPDIR set to xst/projnav.tmp


Total REAL time to Xst completion: 0.00 secs
Total CPU time to Xst completion: 0.16 secs
 
--> Parameter xsthdpdir set to xst


Total REAL time to Xst completion: 0.00 secs
Total CPU time to Xst completion: 0.16 secs
 
--> Reading design: EXP7.prj

TABLE OF CONTENTS
  1) Synthesis Options Summary
  2) HDL Parsing
  3) HDL Elaboration
  4) HDL Synthesis
       4.1) HDL Synthesis Report
  5) Advanced HDL Synthesis
       5.1) Advanced HDL Synthesis Report
  6) Low Level Synthesis
  7) Partition Report
  8) Design Summary
       8.1) Primitive and Black Box Usage
       8.2) Device utilization summary
       8.3) Partition Resource Summary
       8.4) Timing Report
            8.4.1) Clock Information
            8.4.2) Asynchronous Control Signals Information
            8.4.3) Timing Summary
            8.4.4) Timing Details
            8.4.5) Cross Clock Domains Report


=========================================================================
*                      Synthesis Options Summary                        *
=========================================================================
---- Source Parameters
Input File Name                    : "EXP7.prj"
Ignore Synthesis Constraint File   : NO

---- Target Parameters
Output File Name                   : "EXP7"
Output Format                      : NGC
Target Device                      : xc6slx16-3-csg324

---- Source Options
Top Module Name                    : EXP7
Automatic FSM Extraction           : YES
FSM Encoding Algorithm             : Auto
Safe Implementation                : No
FSM Style                          : LUT
RAM Extraction                     : Yes
RAM Style                          : Auto
ROM Extraction                     : Yes
Shift Register Extraction          : YES
ROM Style                          : Auto
Resource Sharing                   : YES
Asynchronous To Synchronous        : NO
Shift Register Minimum Size        : 2
Use DSP Block                      : Auto
Automatic Register Balancing       : No

---- Target Options
LUT Combining                      : Auto
Reduce Control Sets                : Auto
Add IO Buffers                     : YES
Global Maximum Fanout              : 100000
Add Generic Clock Buffer(BUFG)     : 16
Register Duplication               : YES
Optimize Instantiated Primitives   : NO
Use Clock Enable                   : Auto
Use Synchronous Set                : Auto
Use Synchronous Reset              : Auto
Pack IO Registers into IOBs        : Auto
Equivalent register Removal        : YES

---- General Options
Optimization Goal                  : Speed
Optimization Effort                : 1
Power Reduction                    : NO
Keep Hierarchy                     : No
Netlist Hierarchy                  : As_Optimized
RTL Output                         : Yes
Global Optimization                : AllClockNets
Read Cores                         : YES
Write Timing Constraints           : NO
Cross Clock Analysis               : NO
Hierarchy Separator                : /
Bus Delimiter                      : <>
Case Specifier                     : Maintain
Slice Utilization Ratio            : 100
BRAM Utilization Ratio             : 100
DSP48 Utilization Ratio            : 100
Auto BRAM Packing                  : NO
Slice Utilization Ratio Delta      : 5

---- Other Options
Cores Search Directories           : {"ipcore_dir"  }

=========================================================================


=========================================================================
*                          HDL Parsing                                  *
=========================================================================
Analyzing Verilog file "D:\Xilinx\project\EXP7\ipcore_dir\Inst_ROM.v" into library work
Parsing module <Inst_ROM>.
Analyzing Verilog file "D:\Xilinx\project\EXP7\EXP7.v" into library work
Parsing module <EXP7>.

=========================================================================
*                            HDL Elaboration                            *
=========================================================================

Elaborating module <EXP7>.

Elaborating module <Inst_ROM>.
WARNING:HDLCompiler:1499 - "D:\Xilinx\project\EXP7\ipcore_dir\Inst_ROM.v" Line 39: Empty module <Inst_ROM> remains a black box.
WARNING:HDLCompiler:413 - "D:\Xilinx\project\EXP7\EXP7.v" Line 37: Result of 7-bit expression is truncated to fit in 6-bit target.

=========================================================================
*                           HDL Synthesis                               *
=========================================================================

Synthesizing Unit <EXP7>.
    Related source file is "D:\Xilinx\project\EXP7\EXP7.v".
    Found 6-bit register for signal <pc>.
    Found 6-bit adder for signal <pcnew> created at line 37.
    Found 8-bit 4-to-1 multiplexer for signal <led> created at line 45.
    Summary:
	inferred   1 Adder/Subtractor(s).
	inferred   6 D-type flip-flop(s).
	inferred   1 Multiplexer(s).
Unit <EXP7> synthesized.

=========================================================================
HDL Synthesis Report

Macro Statistics
# Adders/Subtractors                                   : 1
 6-bit adder                                           : 1
# Registers                                            : 1
 6-bit register                                        : 1
# Multiplexers                                         : 1
 8-bit 4-to-1 multiplexer                              : 1

=========================================================================

=========================================================================
*                       Advanced HDL Synthesis                          *
=========================================================================

Reading core <ipcore_dir/Inst_ROM.ngc>.
Loading core <Inst_ROM> for timing and area information for instance <my>.

Synthesizing (advanced) Unit <EXP7>.
The following registers are absorbed into accumulator <pc>: 1 register on signal <pc>.
Unit <EXP7> synthesized (advanced).

=========================================================================
Advanced HDL Synthesis Report

Macro Statistics
# Accumulators                                         : 1
 6-bit up accumulator                                  : 1
# Multiplexers                                         : 1
 8-bit 4-to-1 multiplexer                              : 1

=========================================================================

=========================================================================
*                         Low Level Synthesis                           *
=========================================================================
WARNING:Xst:1710 - FF/Latch <pc_2> (without init value) has a constant value of 0 in block <EXP7>. This FF/Latch will be trimmed during the optimization process.
WARNING:Xst:1895 - Due to other FF/Latch trimming, FF/Latch <pc_3> (without init value) has a constant value of 0 in block <EXP7>. This FF/Latch will be trimmed during the optimization process.

Optimizing unit <EXP7> ...

Mapping all equations...
Building and optimizing final netlist ...
Found area constraint ratio of 100 (+ 5) on block EXP7, actual ratio is 0.

Final Macro Processing ...

=========================================================================
Final Register Report

Macro Statistics
# Registers                                            : 4
 Flip-Flops                                            : 4

=========================================================================

=========================================================================
*                           Partition Report                            *
=========================================================================

Partition Implementation Status
-------------------------------

  No Partitions were found in this design.

-------------------------------

=========================================================================
*                            Design Summary                             *
=========================================================================

Top Level Output File Name         : EXP7.ngc

Primitive and Black Box Usage:
------------------------------
# BELS                             : 16
#      GND                         : 2
#      INV                         : 2
#      LUT2                        : 1
#      LUT3                        : 1
#      LUT4                        : 1
#      LUT6                        : 8
#      VCC                         : 1
# FlipFlops/Latches                : 4
#      FDC                         : 4
# RAMS                             : 1
#      RAMB8BWER                   : 1
# Clock Buffers                    : 1
#      BUFGP                       : 1
# IO Buffers                       : 17
#      IBUF                        : 3
#      OBUF                        : 14

Device utilization summary:
---------------------------

Selected Device : 6slx16csg324-3 


Slice Logic Utilization: 
 Number of Slice Registers:               4  out of  18224     0%  
 Number of Slice LUTs:                   13  out of   9112     0%  
    Number used as Logic:                13  out of   9112     0%  

Slice Logic Distribution: 
 Number of LUT Flip Flop pairs used:     17
   Number with an unused Flip Flop:      13  out of     17    76%  
   Number with an unused LUT:             4  out of     17    23%  
   Number of fully used LUT-FF pairs:     0  out of     17     0%  
   Number of unique control sets:         1

IO Utilization: 
 Number of IOs:                          18
 Number of bonded IOBs:                  18  out of    232     7%  

Specific Feature Utilization:
 Number of Block RAM/FIFO:                1  out of     32     3%  
    Number using Block RAM only:          1
 Number of BUFG/BUFGCTRLs:                1  out of     16     6%  

---------------------------
Partition Resource Summary:
---------------------------

  No Partitions were found in this design.

---------------------------


=========================================================================
Timing Report

NOTE: THESE TIMING NUMBERS ARE ONLY A SYNTHESIS ESTIMATE.
      FOR ACCURATE TIMING INFORMATION PLEASE REFER TO THE TRACE REPORT
      GENERATED AFTER PLACE-and-ROUTE.

Clock Information:
------------------
-----------------------------------+------------------------+-------+
Clock Signal                       | Clock buffer(FF name)  | Load  |
-----------------------------------+------------------------+-------+
clk                                | BUFGP                  | 5     |
-----------------------------------+------------------------+-------+

Asynchronous Control Signals Information:
----------------------------------------
No asynchronous control signals found in this design

Timing Summary:
---------------
Speed Grade: -3

   Minimum period: 3.139ns (Maximum Frequency: 318.542MHz)
   Minimum input arrival time before clock: 2.335ns
   Maximum output required time after clock: 6.013ns
   Maximum combinational path delay: 5.741ns

Timing Details:
---------------
All values displayed in nanoseconds (ns)

=========================================================================
Timing constraint: Default period analysis for Clock 'clk'
  Clock period: 3.139ns (frequency: 318.542MHz)
  Total number of paths / destination ports: 18 / 12
-------------------------------------------------------------------------
Delay:               1.570ns (Levels of Logic = 1)
  Source:            pc_4 (FF)
  Destination:       my/U0/xst_blk_mem_generator/gnativebmg.native_blk_mem_gen/valid.cstr/ramloop[0].ram.r/s6_init.ram/SP.WIDE_PRIM9.ram (RAM)
  Source Clock:      clk falling
  Destination Clock: clk rising

  Data Path: pc_4 to my/U0/xst_blk_mem_generator/gnativebmg.native_blk_mem_gen/valid.cstr/ramloop[0].ram.r/s6_init.ram/SP.WIDE_PRIM9.ram
                                Gate     Net
    Cell:in->out      fanout   Delay   Delay  Logical Name (Net Name)
    ----------------------------------------  ------------
     FDC:C->Q              7   0.447   0.773  pc_4 (pc_4)
     begin scope: 'my:addra<2>'
     RAMB8BWER:ADDRAWRADDR7        0.350          U0/xst_blk_mem_generator/gnativebmg.native_blk_mem_gen/valid.cstr/ramloop[0].ram.r/s6_init.ram/SP.WIDE_PRIM9.ram
    ----------------------------------------
    Total                      1.570ns (0.797ns logic, 0.773ns route)
                                       (50.8% logic, 49.2% route)

=========================================================================
Timing constraint: Default OFFSET IN BEFORE for Clock 'clk'
  Total number of paths / destination ports: 4 / 4
-------------------------------------------------------------------------
Offset:              2.335ns (Levels of Logic = 1)
  Source:            rst (PAD)
  Destination:       pc_4 (FF)
  Destination Clock: clk falling

  Data Path: rst to pc_4
                                Gate     Net
    Cell:in->out      fanout   Delay   Delay  Logical Name (Net Name)
    ----------------------------------------  ------------
     IBUF:I->O             4   1.222   0.683  rst_IBUF (rst_IBUF)
     FDC:CLR                   0.430          pc_4
    ----------------------------------------
    Total                      2.335ns (1.652ns logic, 0.683ns route)
                                       (70.8% logic, 29.2% route)

=========================================================================
Timing constraint: Default OFFSET OUT AFTER for Clock 'clk'
  Total number of paths / destination ports: 36 / 12
-------------------------------------------------------------------------
Offset:              6.013ns (Levels of Logic = 3)
  Source:            my/U0/xst_blk_mem_generator/gnativebmg.native_blk_mem_gen/valid.cstr/ramloop[0].ram.r/s6_init.ram/SP.WIDE_PRIM9.ram (RAM)
  Destination:       led<7> (PAD)
  Source Clock:      clk rising

  Data Path: my/U0/xst_blk_mem_generator/gnativebmg.native_blk_mem_gen/valid.cstr/ramloop[0].ram.r/s6_init.ram/SP.WIDE_PRIM9.ram to led<7>
                                Gate     Net
    Cell:in->out      fanout   Delay   Delay  Logical Name (Net Name)
    ----------------------------------------  ------------
     RAMB8BWER:CLKBRDCLK->DOBDO15    1   1.850   0.808  U0/xst_blk_mem_generator/gnativebmg.native_blk_mem_gen/valid.cstr/ramloop[0].ram.r/s6_init.ram/SP.WIDE_PRIM9.ram (douta<31>)
     end scope: 'my:douta<31>'
     LUT6:I3->O            1   0.205   0.579  Mmux_led81 (led_7_OBUF)
     OBUF:I->O                 2.571          led_7_OBUF (led<7>)
    ----------------------------------------
    Total                      6.013ns (4.626ns logic, 1.387ns route)
                                       (76.9% logic, 23.1% route)

=========================================================================
Timing constraint: Default path analysis
  Total number of paths / destination ports: 16 / 8
-------------------------------------------------------------------------
Delay:               5.741ns (Levels of Logic = 3)
  Source:            sw<0> (PAD)
  Destination:       led<7> (PAD)

  Data Path: sw<0> to led<7>
                                Gate     Net
    Cell:in->out      fanout   Delay   Delay  Logical Name (Net Name)
    ----------------------------------------  ------------
     IBUF:I->O             8   1.222   1.167  sw_0_IBUF (sw_0_IBUF)
     LUT6:I0->O            1   0.203   0.579  Mmux_led11 (led_0_OBUF)
     OBUF:I->O                 2.571          led_0_OBUF (led<0>)
    ----------------------------------------
    Total                      5.741ns (3.996ns logic, 1.745ns route)
                                       (69.6% logic, 30.4% route)

=========================================================================

Cross Clock Domains Report:
--------------------------

Clock to Setup on destination clock clk
---------------+---------+---------+---------+---------+
               | Src:Rise| Src:Fall| Src:Rise| Src:Fall|
Source Clock   |Dest:Rise|Dest:Rise|Dest:Fall|Dest:Fall|
---------------+---------+---------+---------+---------+
clk            |         |    1.570|    2.106|         |
---------------+---------+---------+---------+---------+

=========================================================================


Total REAL time to Xst completion: 7.00 secs
Total CPU time to Xst completion: 6.83 secs
 
--> 

Total memory usage is 347492 kilobytes

Number of errors   :    0 (   0 filtered)
Number of warnings :    4 (   0 filtered)
Number of infos    :    0 (   0 filtered)

