Running: D:\Xilinx\Xilinx\14.7\ISE_DS\ISE\bin\nt64\unwrapped\fuse.exe -intstyle ise -incremental -lib unisims_ver -lib unimacro_ver -lib xilinxcorelib_ver -lib secureip -o D:/Xilinx/project/EXP8/test_isim_beh.exe -prj D:/Xilinx/project/EXP8/test_beh.prj work.test work.glbl 
ISim P.20131013 (signature 0x7708f090)
Number of CPUs detected in this system: 4
Turning on mult-threading, number of parallel sub-compilation jobs: 8 
Determining compilation order of HDL files
Analyzing Verilog file "D:/Xilinx/project/EXP8/ipcore_dir/Inst_ROM.v" into library work
Analyzing Verilog file "D:/Xilinx/project/EXP8/regs.v" into library work
Analyzing Verilog file "D:/Xilinx/project/EXP8/EXP7.v" into library work
Analyzing Verilog file "D:/Xilinx/project/EXP8/ALU.v" into library work
Analyzing Verilog file "D:/Xilinx/project/EXP8/CPU.v" into library work
Analyzing Verilog file "D:/Xilinx/project/EXP8/test.v" into library work
Analyzing Verilog file "D:/Xilinx/Xilinx/14.7/ISE_DS/ISE//verilog/src/glbl.v" into library work
Starting static elaboration
Completed static elaboration
Compiling module BLK_MEM_GEN_V7_3_output_stage(C_...
Compiling module BLK_MEM_GEN_V7_3_softecc_output_...
Compiling module BLK_MEM_GEN_V7_3_mem_module(C_CO...
Compiling module BLK_MEM_GEN_V7_3(C_FAMILY="spart...
Compiling module Inst_ROM
Compiling module EXP7
Compiling module regs
Compiling module ALU
Compiling module CPU
Compiling module test
Compiling module glbl
Time Resolution for simulation is 1ps.
Waiting for 4 sub-compilation(s) to finish...
Compiled 11 Verilog Units
Built simulation executable D:/Xilinx/project/EXP8/test_isim_beh.exe
Fuse Memory Usage: 33220 KB
Fuse CPU Usage: 655 ms
