Release 14.7 - xst P.20131013 (nt64)
Copyright (c) 1995-2013 Xilinx, Inc.  All rights reserved.
--> Parameter TMPDIR set to xst/projnav.tmp


Total REAL time to Xst completion: 0.00 secs
Total CPU time to Xst completion: 0.13 secs
 
--> Parameter xsthdpdir set to xst


Total REAL time to Xst completion: 0.00 secs
Total CPU time to Xst completion: 0.13 secs
 
--> Reading design: ALU.prj

TABLE OF CONTENTS
  1) Synthesis Options Summary
  2) HDL Parsing
  3) HDL Elaboration
  4) HDL Synthesis
       4.1) HDL Synthesis Report
  5) Advanced HDL Synthesis
       5.1) Advanced HDL Synthesis Report
  6) Low Level Synthesis
  7) Partition Report
  8) Design Summary
       8.1) Primitive and Black Box Usage
       8.2) Device utilization summary
       8.3) Partition Resource Summary
       8.4) Timing Report
            8.4.1) Clock Information
            8.4.2) Asynchronous Control Signals Information
            8.4.3) Timing Summary
            8.4.4) Timing Details
            8.4.5) Cross Clock Domains Report


=========================================================================
*                      Synthesis Options Summary                        *
=========================================================================
---- Source Parameters
Input File Name                    : "ALU.prj"
Ignore Synthesis Constraint File   : NO

---- Target Parameters
Output File Name                   : "ALU"
Output Format                      : NGC
Target Device                      : xc6slx16-3-csg324

---- Source Options
Top Module Name                    : ALU
Automatic FSM Extraction           : YES
FSM Encoding Algorithm             : Auto
Safe Implementation                : No
FSM Style                          : LUT
RAM Extraction                     : Yes
RAM Style                          : Auto
ROM Extraction                     : Yes
Shift Register Extraction          : YES
ROM Style                          : Auto
Resource Sharing                   : YES
Asynchronous To Synchronous        : NO
Shift Register Minimum Size        : 2
Use DSP Block                      : Auto
Automatic Register Balancing       : No

---- Target Options
LUT Combining                      : Auto
Reduce Control Sets                : Auto
Add IO Buffers                     : YES
Global Maximum Fanout              : 100000
Add Generic Clock Buffer(BUFG)     : 16
Register Duplication               : YES
Optimize Instantiated Primitives   : NO
Use Clock Enable                   : Auto
Use Synchronous Set                : Auto
Use Synchronous Reset              : Auto
Pack IO Registers into IOBs        : Auto
Equivalent register Removal        : YES

---- General Options
Optimization Goal                  : Speed
Optimization Effort                : 1
Power Reduction                    : NO
Keep Hierarchy                     : No
Netlist Hierarchy                  : As_Optimized
RTL Output                         : Yes
Global Optimization                : AllClockNets
Read Cores                         : YES
Write Timing Constraints           : NO
Cross Clock Analysis               : NO
Hierarchy Separator                : /
Bus Delimiter                      : <>
Case Specifier                     : Maintain
Slice Utilization Ratio            : 100
BRAM Utilization Ratio             : 100
DSP48 Utilization Ratio            : 100
Auto BRAM Packing                  : NO
Slice Utilization Ratio Delta      : 5

=========================================================================


=========================================================================
*                          HDL Parsing                                  *
=========================================================================
Analyzing Verilog file "D:\Xilinx\project\EXP3_ALU\ALU.v" into library work
Parsing module <ALU>.

=========================================================================
*                            HDL Elaboration                            *
=========================================================================

Elaborating module <ALU>.

=========================================================================
*                           HDL Synthesis                               *
=========================================================================

Synthesizing Unit <ALU>.
    Related source file is "D:\Xilinx\project\EXP3_ALU\ALU.v".
    Found 33-bit adder for signal <n0034> created at line 36.
    Found 33-bit adder for signal <n0038> created at line 37.
    Found 33-bit adder for signal <BUS_0002_GND_1_o_add_8_OUT> created at line 37.
    Found 32-bit shifter logical left for signal <B[31]_A[31]_shift_left_11_OUT> created at line 39
    Found 32-bit 8-to-1 multiplexer for signal <F> created at line 31.
    Found 32-bit comparator greater for signal <A[31]_B[31]_LessThan_10_o> created at line 38
    Summary:
	inferred   3 Adder/Subtractor(s).
	inferred   1 Comparator(s).
	inferred   5 Multiplexer(s).
	inferred   1 Combinational logic shifter(s).
Unit <ALU> synthesized.

=========================================================================
HDL Synthesis Report

Macro Statistics
# Adders/Subtractors                                   : 3
 33-bit adder                                          : 3
# Comparators                                          : 1
 32-bit comparator greater                             : 1
# Multiplexers                                         : 5
 1-bit 2-to-1 multiplexer                              : 3
 32-bit 2-to-1 multiplexer                             : 1
 32-bit 8-to-1 multiplexer                             : 1
# Logic shifters                                       : 1
 32-bit shifter logical left                           : 1
# Xors                                                 : 2
 1-bit xor4                                            : 1
 32-bit xor2                                           : 1

=========================================================================

=========================================================================
*                       Advanced HDL Synthesis                          *
=========================================================================


=========================================================================
Advanced HDL Synthesis Report

Macro Statistics
# Adders/Subtractors                                   : 2
 33-bit adder                                          : 1
 33-bit adder carry in                                 : 1
# Comparators                                          : 1
 32-bit comparator greater                             : 1
# Multiplexers                                         : 5
 1-bit 2-to-1 multiplexer                              : 3
 32-bit 2-to-1 multiplexer                             : 1
 32-bit 8-to-1 multiplexer                             : 1
# Logic shifters                                       : 1
 32-bit shifter logical left                           : 1
# Xors                                                 : 2
 1-bit xor4                                            : 1
 32-bit xor2                                           : 1

=========================================================================

=========================================================================
*                         Low Level Synthesis                           *
=========================================================================

Optimizing unit <ALU> ...

Mapping all equations...
Building and optimizing final netlist ...
Found area constraint ratio of 100 (+ 5) on block ALU, actual ratio is 4.

Final Macro Processing ...

=========================================================================
Final Register Report

Found no macro
=========================================================================

=========================================================================
*                           Partition Report                            *
=========================================================================

Partition Implementation Status
-------------------------------

  No Partitions were found in this design.

-------------------------------

=========================================================================
*                            Design Summary                             *
=========================================================================

Top Level Output File Name         : ALU.ngc

Primitive and Black Box Usage:
------------------------------
# BELS                             : 418
#      GND                         : 1
#      LUT2                        : 66
#      LUT3                        : 28
#      LUT4                        : 36
#      LUT5                        : 34
#      LUT6                        : 108
#      MUXCY                       : 79
#      MUXF7                       : 1
#      VCC                         : 1
#      XORCY                       : 64
# IO Buffers                       : 101
#      IBUF                        : 67
#      OBUF                        : 34

Device utilization summary:
---------------------------

Selected Device : 6slx16csg324-3 


Slice Logic Utilization: 
 Number of Slice LUTs:                  272  out of   9112     2%  
    Number used as Logic:               272  out of   9112     2%  

Slice Logic Distribution: 
 Number of LUT Flip Flop pairs used:    272
   Number with an unused Flip Flop:     272  out of    272   100%  
   Number with an unused LUT:             0  out of    272     0%  
   Number of fully used LUT-FF pairs:     0  out of    272     0%  
   Number of unique control sets:         0

IO Utilization: 
 Number of IOs:                         101
 Number of bonded IOBs:                 101  out of    232    43%  

Specific Feature Utilization:

---------------------------
Partition Resource Summary:
---------------------------

  No Partitions were found in this design.

---------------------------


=========================================================================
Timing Report

NOTE: THESE TIMING NUMBERS ARE ONLY A SYNTHESIS ESTIMATE.
      FOR ACCURATE TIMING INFORMATION PLEASE REFER TO THE TRACE REPORT
      GENERATED AFTER PLACE-and-ROUTE.

Clock Information:
------------------
No clock signals found in this design

Asynchronous Control Signals Information:
----------------------------------------
No asynchronous control signals found in this design

Timing Summary:
---------------
Speed Grade: -3

   Minimum period: No path found
   Minimum input arrival time before clock: No path found
   Maximum output required time after clock: No path found
   Maximum combinational path delay: 13.335ns

Timing Details:
---------------
All values displayed in nanoseconds (ns)

=========================================================================
Timing constraint: Default path analysis
  Total number of paths / destination ports: 11049 / 34
-------------------------------------------------------------------------
Delay:               13.335ns (Levels of Logic = 10)
  Source:            A<16> (PAD)
  Destination:       ZF (PAD)

  Data Path: A<16> to ZF
                                Gate     Net
    Cell:in->out      fanout   Delay   Delay  Logical Name (Net Name)
    ----------------------------------------  ------------
     IBUF:I->O             6   1.222   1.109  A_16_IBUF (A_16_IBUF)
     LUT6:I0->O            1   0.203   0.808  out3 (out2)
     LUT3:I0->O            1   0.205   0.580  out7_SW0 (N14)
     LUT6:I5->O           22   0.205   1.238  out7 (_n0043)
     LUT3:I1->O           11   0.203   1.111  Mmux_F262111 (Mmux_F26211)
     LUT6:I3->O            1   0.205   0.580  Mmux_F311 (Mmux_F31)
     LUT6:I5->O            2   0.205   0.981  Mmux_F312 (F_9_OBUF)
     LUT6:I0->O            1   0.203   0.924  ZF<31>7 (ZF<31>6)
     LUT6:I1->O            1   0.203   0.579  ZF<31>8 (ZF_OBUF)
     OBUF:I->O                 2.571          ZF_OBUF (ZF)
    ----------------------------------------
    Total                     13.335ns (5.425ns logic, 7.910ns route)
                                       (40.7% logic, 59.3% route)

=========================================================================

Cross Clock Domains Report:
--------------------------

=========================================================================


Total REAL time to Xst completion: 6.00 secs
Total CPU time to Xst completion: 6.33 secs
 
--> 

Total memory usage is 344316 kilobytes

Number of errors   :    0 (   0 filtered)
Number of warnings :    0 (   0 filtered)
Number of infos    :    0 (   0 filtered)

