Release 14.7 - xst P.20131013 (nt64)
Copyright (c) 1995-2013 Xilinx, Inc.  All rights reserved.
--> Parameter TMPDIR set to xst/projnav.tmp


Total REAL time to Xst completion: 0.00 secs
Total CPU time to Xst completion: 0.16 secs
 
--> Parameter xsthdpdir set to xst


Total REAL time to Xst completion: 0.00 secs
Total CPU time to Xst completion: 0.16 secs
 
--> Reading design: top.prj

TABLE OF CONTENTS
  1) Synthesis Options Summary
  2) HDL Parsing
  3) HDL Elaboration
  4) HDL Synthesis
       4.1) HDL Synthesis Report
  5) Advanced HDL Synthesis
       5.1) Advanced HDL Synthesis Report
  6) Low Level Synthesis
  7) Partition Report
  8) Design Summary
       8.1) Primitive and Black Box Usage
       8.2) Device utilization summary
       8.3) Partition Resource Summary
       8.4) Timing Report
            8.4.1) Clock Information
            8.4.2) Asynchronous Control Signals Information
            8.4.3) Timing Summary
            8.4.4) Timing Details
            8.4.5) Cross Clock Domains Report


=========================================================================
*                      Synthesis Options Summary                        *
=========================================================================
---- Source Parameters
Input File Name                    : "top.prj"
Ignore Synthesis Constraint File   : NO

---- Target Parameters
Output File Name                   : "top"
Output Format                      : NGC
Target Device                      : xc6slx16-3-csg324

---- Source Options
Top Module Name                    : top
Automatic FSM Extraction           : YES
FSM Encoding Algorithm             : Auto
Safe Implementation                : No
FSM Style                          : LUT
RAM Extraction                     : Yes
RAM Style                          : Auto
ROM Extraction                     : Yes
Shift Register Extraction          : YES
ROM Style                          : Auto
Resource Sharing                   : YES
Asynchronous To Synchronous        : NO
Shift Register Minimum Size        : 2
Use DSP Block                      : Auto
Automatic Register Balancing       : No

---- Target Options
LUT Combining                      : Auto
Reduce Control Sets                : Auto
Add IO Buffers                     : YES
Global Maximum Fanout              : 100000
Add Generic Clock Buffer(BUFG)     : 16
Register Duplication               : YES
Optimize Instantiated Primitives   : NO
Use Clock Enable                   : Auto
Use Synchronous Set                : Auto
Use Synchronous Reset              : Auto
Pack IO Registers into IOBs        : Auto
Equivalent register Removal        : YES

---- General Options
Optimization Goal                  : Speed
Optimization Effort                : 1
Power Reduction                    : NO
Keep Hierarchy                     : No
Netlist Hierarchy                  : As_Optimized
RTL Output                         : Yes
Global Optimization                : AllClockNets
Read Cores                         : YES
Write Timing Constraints           : NO
Cross Clock Analysis               : NO
Hierarchy Separator                : /
Bus Delimiter                      : <>
Case Specifier                     : Maintain
Slice Utilization Ratio            : 100
BRAM Utilization Ratio             : 100
DSP48 Utilization Ratio            : 100
Auto BRAM Packing                  : NO
Slice Utilization Ratio Delta      : 5

=========================================================================


=========================================================================
*                          HDL Parsing                                  *
=========================================================================
Analyzing Verilog file "D:\Xilinx\project\EXP3_ALU\ALU.v" into library work
Parsing module <ALU>.
Analyzing Verilog file "D:\Xilinx\project\EXP3_ALU\top.v" into library work
Parsing module <top>.

=========================================================================
*                            HDL Elaboration                            *
=========================================================================

Elaborating module <top>.

Elaborating module <ALU>.

=========================================================================
*                           HDL Synthesis                               *
=========================================================================

Synthesizing Unit <top>.
    Related source file is "D:\Xilinx\project\EXP3_ALU\top.v".
    Found 8x64-bit Read Only RAM for signal <_n0036>
    Found 8-bit 4-to-1 multiplexer for signal <_n0025> created at line 26.
    Summary:
	inferred   1 RAM(s).
	inferred   2 Multiplexer(s).
Unit <top> synthesized.

Synthesizing Unit <ALU>.
    Related source file is "D:\Xilinx\project\EXP3_ALU\ALU.v".
    Found 33-bit subtractor for signal <PWR_2_o_GND_2_o_sub_7_OUT> created at line 37.
    Found 33-bit adder for signal <n0032> created at line 36.
    Found 32-bit shifter logical left for signal <B[31]_A[31]_shift_left_9_OUT> created at line 39
    Found 32-bit 8-to-1 multiplexer for signal <F> created at line 31.
    Found 32-bit comparator greater for signal <A[31]_B[31]_LessThan_8_o> created at line 38
    Summary:
	inferred   2 Adder/Subtractor(s).
	inferred   1 Comparator(s).
	inferred   5 Multiplexer(s).
	inferred   1 Combinational logic shifter(s).
Unit <ALU> synthesized.

=========================================================================
HDL Synthesis Report

Macro Statistics
# RAMs                                                 : 1
 8x64-bit single-port Read Only RAM                    : 1
# Adders/Subtractors                                   : 2
 33-bit adder                                          : 1
 33-bit subtractor                                     : 1
# Comparators                                          : 1
 32-bit comparator greater                             : 1
# Multiplexers                                         : 7
 1-bit 2-to-1 multiplexer                              : 3
 32-bit 2-to-1 multiplexer                             : 1
 32-bit 8-to-1 multiplexer                             : 1
 8-bit 2-to-1 multiplexer                              : 1
 8-bit 4-to-1 multiplexer                              : 1
# Logic shifters                                       : 1
 32-bit shifter logical left                           : 1
# Xors                                                 : 2
 1-bit xor4                                            : 1
 32-bit xor2                                           : 1

=========================================================================

=========================================================================
*                       Advanced HDL Synthesis                          *
=========================================================================


Synthesizing (advanced) Unit <top>.
INFO:Xst:3218 - HDL ADVISOR - The RAM <Mram__n0036> will be implemented on LUTs either because you have described an asynchronous read or because of currently unsupported block RAM features. If you have described an asynchronous read, making it synchronous would allow you to take advantage of available block RAM resources, for optimized device usage and improved timings. Please refer to your documentation for coding guidelines.
    -----------------------------------------------------------------------
    | ram_type           | Distributed                         |          |
    -----------------------------------------------------------------------
    | Port A                                                              |
    |     aspect ratio   | 8-word x 64-bit                     |          |
    |     weA            | connected to signal <GND>           | high     |
    |     addrA          | connected to signal <AB_SW>         |          |
    |     diA            | connected to signal <GND>           |          |
    |     doA            | connected to internal node          |          |
    -----------------------------------------------------------------------
Unit <top> synthesized (advanced).

=========================================================================
Advanced HDL Synthesis Report

Macro Statistics
# RAMs                                                 : 1
 8x64-bit single-port distributed Read Only RAM        : 1
# Adders/Subtractors                                   : 2
 33-bit adder                                          : 1
 33-bit subtractor                                     : 1
# Comparators                                          : 1
 32-bit comparator greater                             : 1
# Multiplexers                                         : 7
 1-bit 2-to-1 multiplexer                              : 3
 32-bit 2-to-1 multiplexer                             : 1
 32-bit 8-to-1 multiplexer                             : 1
 8-bit 2-to-1 multiplexer                              : 1
 8-bit 4-to-1 multiplexer                              : 1
# Logic shifters                                       : 1
 32-bit shifter logical left                           : 1
# Xors                                                 : 2
 1-bit xor4                                            : 1
 32-bit xor2                                           : 1

=========================================================================

=========================================================================
*                         Low Level Synthesis                           *
=========================================================================

Optimizing unit <top> ...

Optimizing unit <ALU> ...

Mapping all equations...
Building and optimizing final netlist ...
Found area constraint ratio of 100 (+ 5) on block top, actual ratio is 3.

Final Macro Processing ...

=========================================================================
Final Register Report

Found no macro
=========================================================================

=========================================================================
*                           Partition Report                            *
=========================================================================

Partition Implementation Status
-------------------------------

  No Partitions were found in this design.

-------------------------------

=========================================================================
*                            Design Summary                             *
=========================================================================

Top Level Output File Name         : top.ngc

Primitive and Black Box Usage:
------------------------------
# BELS                             : 325
#      GND                         : 1
#      LUT2                        : 7
#      LUT3                        : 95
#      LUT4                        : 13
#      LUT5                        : 12
#      LUT6                        : 54
#      MUXCY                       : 76
#      MUXF7                       : 2
#      VCC                         : 1
#      XORCY                       : 64
# IO Buffers                       : 17
#      IBUF                        : 9
#      OBUF                        : 8

Device utilization summary:
---------------------------

Selected Device : 6slx16csg324-3 


Slice Logic Utilization: 
 Number of Slice LUTs:                  181  out of   9112     1%  
    Number used as Logic:               181  out of   9112     1%  

Slice Logic Distribution: 
 Number of LUT Flip Flop pairs used:    181
   Number with an unused Flip Flop:     181  out of    181   100%  
   Number with an unused LUT:             0  out of    181     0%  
   Number of fully used LUT-FF pairs:     0  out of    181     0%  
   Number of unique control sets:         0

IO Utilization: 
 Number of IOs:                          17
 Number of bonded IOBs:                  17  out of    232     7%  

Specific Feature Utilization:

---------------------------
Partition Resource Summary:
---------------------------

  No Partitions were found in this design.

---------------------------


=========================================================================
Timing Report

NOTE: THESE TIMING NUMBERS ARE ONLY A SYNTHESIS ESTIMATE.
      FOR ACCURATE TIMING INFORMATION PLEASE REFER TO THE TRACE REPORT
      GENERATED AFTER PLACE-and-ROUTE.

Clock Information:
------------------
No clock signals found in this design

Asynchronous Control Signals Information:
----------------------------------------
No asynchronous control signals found in this design

Timing Summary:
---------------
Speed Grade: -3

   Minimum period: No path found
   Minimum input arrival time before clock: No path found
   Maximum output required time after clock: No path found
   Maximum combinational path delay: 13.228ns

Timing Details:
---------------
All values displayed in nanoseconds (ns)

=========================================================================
Timing constraint: Default path analysis
  Total number of paths / destination ports: 13995 / 8
-------------------------------------------------------------------------
Delay:               13.228ns (Levels of Logic = 19)
  Source:            AB_SW<0> (PAD)
  Destination:       LED<7> (PAD)

  Data Path: AB_SW<0> to LED<7>
                                Gate     Net
    Cell:in->out      fanout   Delay   Delay  Logical Name (Net Name)
    ----------------------------------------  ------------
     IBUF:I->O            88   1.222   2.027  AB_SW_0_IBUF (AB_SW_0_IBUF)
     LUT3:I0->O           22   0.205   1.133  Mram__n0036111 (Mram__n003611)
     MUXCY:DI->O           1   0.145   0.000  alu1/Msub_PWR_2_o_GND_2_o_sub_7_OUT_cy<2> (alu1/Msub_PWR_2_o_GND_2_o_sub_7_OUT_cy<2>)
     MUXCY:CI->O           1   0.019   0.000  alu1/Msub_PWR_2_o_GND_2_o_sub_7_OUT_cy<3> (alu1/Msub_PWR_2_o_GND_2_o_sub_7_OUT_cy<3>)
     MUXCY:CI->O           1   0.019   0.000  alu1/Msub_PWR_2_o_GND_2_o_sub_7_OUT_cy<4> (alu1/Msub_PWR_2_o_GND_2_o_sub_7_OUT_cy<4>)
     MUXCY:CI->O           1   0.019   0.000  alu1/Msub_PWR_2_o_GND_2_o_sub_7_OUT_cy<5> (alu1/Msub_PWR_2_o_GND_2_o_sub_7_OUT_cy<5>)
     MUXCY:CI->O           1   0.019   0.000  alu1/Msub_PWR_2_o_GND_2_o_sub_7_OUT_cy<6> (alu1/Msub_PWR_2_o_GND_2_o_sub_7_OUT_cy<6>)
     MUXCY:CI->O           1   0.019   0.000  alu1/Msub_PWR_2_o_GND_2_o_sub_7_OUT_cy<7> (alu1/Msub_PWR_2_o_GND_2_o_sub_7_OUT_cy<7>)
     MUXCY:CI->O           1   0.019   0.000  alu1/Msub_PWR_2_o_GND_2_o_sub_7_OUT_cy<8> (alu1/Msub_PWR_2_o_GND_2_o_sub_7_OUT_cy<8>)
     MUXCY:CI->O           1   0.019   0.000  alu1/Msub_PWR_2_o_GND_2_o_sub_7_OUT_cy<9> (alu1/Msub_PWR_2_o_GND_2_o_sub_7_OUT_cy<9>)
     MUXCY:CI->O           1   0.019   0.000  alu1/Msub_PWR_2_o_GND_2_o_sub_7_OUT_cy<10> (alu1/Msub_PWR_2_o_GND_2_o_sub_7_OUT_cy<10>)
     MUXCY:CI->O           1   0.019   0.000  alu1/Msub_PWR_2_o_GND_2_o_sub_7_OUT_cy<11> (alu1/Msub_PWR_2_o_GND_2_o_sub_7_OUT_cy<11>)
     XORCY:CI->O           1   0.180   0.924  alu1/Msub_PWR_2_o_GND_2_o_sub_7_OUT_xor<12> (alu1/PWR_2_o_GND_2_o_sub_7_OUT<12>)
     LUT6:I1->O            1   0.203   0.580  alu1/Mmux_F31 (alu1/Mmux_F3)
     LUT6:I5->O            2   0.205   0.845  alu1/Mmux_F32 (F<12>)
     LUT3:I0->O            1   0.205   0.684  Mmux_LED81 (Mmux_LED8)
     LUT6:I4->O            1   0.203   0.944  Mmux_LED82 (Mmux_LED81)
     LUT6:I0->O            1   0.203   0.579  Mmux_LED810 (LED_7_OBUF)
     OBUF:I->O                 2.571          LED_7_OBUF (LED<7>)
    ----------------------------------------
    Total                     13.228ns (5.513ns logic, 7.715ns route)
                                       (41.7% logic, 58.3% route)

=========================================================================

Cross Clock Domains Report:
--------------------------

=========================================================================


Total REAL time to Xst completion: 8.00 secs
Total CPU time to Xst completion: 7.94 secs
 
--> 

Total memory usage is 328160 kilobytes

Number of errors   :    0 (   0 filtered)
Number of warnings :    0 (   0 filtered)
Number of infos    :    1 (   0 filtered)

